<?xml version="1.0" encoding="UTF-8"?>
<!-- Generated by org.testng.reporters.JUnitReportReporter -->
<testsuite hostname="DESKTOP-SJ7E9CF" failures="0" tests="2" name="com.testcases.loginpageTest" time="12.904" errors="0" timestamp="2021-12-11T19:58:05 IST" skipped="0">
  <testcase classname="com.testcases.loginpageTest" name="LoginTest" time="12.296"/>
  <system-out/>
  <testcase classname="com.testcases.loginpageTest" name="titleTest" time="0.608"/>
  <system-out/>
</testsuite> <!-- com.testcases.loginpageTest -->
